2018-04-12 11:52:54.019 [main] DEBUG com.zxh.o2o.dao.ProductMapper.insertProduct - ==>  Preparing: INSERT INTO tb_product(product_name, product_desc, img_addr, normal_price, promotion_price, priority, create_time, last_edit_time, enable_status, product_category_id, shop_id ) VALUES ( ?, ?, ?, ?, ?, ?, ?, ?, ?, ?, ? ) 
2018-04-12 11:52:54.123 [main] DEBUG com.zxh.o2o.dao.ProductMapper.insertProduct - ==> Parameters: 测试1(String), 测试Desc1(String), test1(String), null, null, 1(Integer), 2018-04-12 11:52:52.297(Timestamp), 2018-04-12 11:52:52.297(Timestamp), 1(Integer), 1(Long), 1(Long)
2018-04-12 12:06:07.800 [main] DEBUG com.zxh.o2o.dao.ProductMapper.insertProduct - ==>  Preparing: INSERT INTO tb_product(product_name, product_desc, img_addr, normal_price, promotion_price, priority, create_time, last_edit_time, enable_status, product_category_id, shop_id ) VALUES ( ?, ?, ?, ?, ?, ?, ?, ?, ?, ?, ? ) 
2018-04-12 12:06:07.901 [main] DEBUG com.zxh.o2o.dao.ProductMapper.insertProduct - ==> Parameters: 测试1(String), 测试Desc1(String), test1(String), null, null, 1(Integer), 2018-04-12 12:06:07.27(Timestamp), 2018-04-12 12:06:07.27(Timestamp), 1(Integer), 1(Long), 1(Long)
2018-04-12 12:12:55.785 [main] DEBUG com.zxh.o2o.dao.ProductMapper.insertProduct - ==>  Preparing: INSERT INTO tb_product(product_name,product_desc,img_addr, normal_price,promotion_price,priority,create_time, last_edit_time,enable_status,product_category_id, shop_id) VALUES (?,?,?, ?,?,?,?, ?,?,?, ?) 
2018-04-12 12:12:55.840 [main] DEBUG com.zxh.o2o.dao.ProductMapper.insertProduct - ==> Parameters: 测试1(String), 测试Desc1(String), test1(String), null, null, 1(Integer), 2018-04-12 12:12:55.319(Timestamp), 2018-04-12 12:12:55.319(Timestamp), 1(Integer), 1(Long), 1(Long)
2018-04-12 12:15:29.089 [main] DEBUG com.zxh.o2o.dao.ProductMapper.insertProduct - ==>  Preparing: INSERT INTO tb_product(product_name,product_desc,img_addr, normal_price,promotion_price,priority,create_time, last_edit_time,enable_status,product_category_id, shop_id) VALUES (?,?,?, ?,?,?,?, ?,?,?, ?) 
2018-04-12 12:15:29.158 [main] DEBUG com.zxh.o2o.dao.ProductMapper.insertProduct - ==> Parameters: 测试1(String), 测试Desc1(String), test1(String), null, null, 1(Integer), 2018-04-12 12:15:28.609(Timestamp), 2018-04-12 12:15:28.609(Timestamp), 1(Integer), 1(Long), 1(Long)
2018-04-12 12:20:36.770 [main] DEBUG com.zxh.o2o.dao.ProductMapper.insertProduct - ==>  Preparing: INSERT INTO tb_product(product_name,product_desc,img_addr, normal_price,promotion_price,priority,create_time, last_edit_time,enable_status,product_category_id, shop_id) VALUES (?,?,?, ?,?,?,?, ?,?,?, ?) 
2018-04-12 12:20:36.825 [main] DEBUG com.zxh.o2o.dao.ProductMapper.insertProduct - ==> Parameters: 测试1(String), 测试Desc1(String), test1(String), null, null, 1(Integer), 2018-04-12 12:20:36.313(Timestamp), 2018-04-12 12:20:36.313(Timestamp), 1(Integer), 2(Long), 1(Long)
2018-04-12 12:20:36.923 [main] DEBUG com.zxh.o2o.dao.ProductMapper.insertProduct - <==    Updates: 1
2018-04-12 12:20:36.945 [main] DEBUG com.zxh.o2o.dao.ProductMapper.insertProduct - ==>  Preparing: INSERT INTO tb_product(product_name,product_desc,img_addr, normal_price,promotion_price,priority,create_time, last_edit_time,enable_status,product_category_id, shop_id) VALUES (?,?,?, ?,?,?,?, ?,?,?, ?) 
2018-04-12 12:20:36.949 [main] DEBUG com.zxh.o2o.dao.ProductMapper.insertProduct - ==> Parameters: 测试2(String), 测试Desc2(String), test2(String), null, null, 2(Integer), 2018-04-12 12:20:36.313(Timestamp), 2018-04-12 12:20:36.313(Timestamp), 0(Integer), 2(Long), 1(Long)
2018-04-12 12:20:36.998 [main] DEBUG com.zxh.o2o.dao.ProductMapper.insertProduct - <==    Updates: 1
2018-04-12 12:20:37.001 [main] DEBUG com.zxh.o2o.dao.ProductMapper.insertProduct - ==>  Preparing: INSERT INTO tb_product(product_name,product_desc,img_addr, normal_price,promotion_price,priority,create_time, last_edit_time,enable_status,product_category_id, shop_id) VALUES (?,?,?, ?,?,?,?, ?,?,?, ?) 
2018-04-12 12:20:37.005 [main] DEBUG com.zxh.o2o.dao.ProductMapper.insertProduct - ==> Parameters: test3(String), 测试Desc3(String), test3(String), null, null, 3(Integer), 2018-04-12 12:20:36.313(Timestamp), 2018-04-12 12:20:36.313(Timestamp), 1(Integer), 2(Long), 1(Long)
2018-04-12 12:20:37.067 [main] DEBUG com.zxh.o2o.dao.ProductMapper.insertProduct - <==    Updates: 1
2018-04-12 12:23:19.055 [main] DEBUG c.z.o2o.dao.ProductImgMapper.batchInsertProductImg - ==>  Preparing: INSERT INTO tb_product_img ( img_addr, img_desc, priority, create_time, product_id ) VALUES ( ?, ?, ?, ?, ? ) , ( ?, ?, ?, ?, ? ) 
2018-04-12 12:23:19.110 [main] DEBUG c.z.o2o.dao.ProductImgMapper.batchInsertProductImg - ==> Parameters: 图片1(String), 测试图片1(String), 1(Integer), 2018-04-12 12:23:18.405(Timestamp), 1(Long), 图片2(String), null, 1(Integer), 2018-04-12 12:23:18.405(Timestamp), 1(Long)
2018-04-12 12:24:33.212 [main] DEBUG c.z.o2o.dao.ProductImgMapper.batchInsertProductImg - ==>  Preparing: INSERT INTO tb_product_img ( img_addr, img_desc, priority, create_time, product_id ) VALUES ( ?, ?, ?, ?, ? ) , ( ?, ?, ?, ?, ? ) 
2018-04-12 12:24:33.252 [main] DEBUG c.z.o2o.dao.ProductImgMapper.batchInsertProductImg - ==> Parameters: 图片1(String), 测试图片1(String), 1(Integer), 2018-04-12 12:24:32.706(Timestamp), 6(Long), 图片2(String), null, 1(Integer), 2018-04-12 12:24:32.706(Timestamp), 6(Long)
2018-04-12 12:24:33.341 [main] DEBUG c.z.o2o.dao.ProductImgMapper.batchInsertProductImg - <==    Updates: 2
